<?xml version="1.0" encoding="UTF-8"?>
<testsuite xmlns:xsi="http://www.w3.org/2001/XMLSchema-instance" xsi:noNamespaceSchemaLocation="https://maven.apache.org/surefire/maven-surefire-plugin/xsd/surefire-test-report-3.0.xsd" version="3.0" name="es.ull.TestAll" time="0.215" tests="4" errors="0" skipped="0" failures="0">
  <properties>
[...]
</properties>
  <testcase name="testAll(TestType)[1]" classname="es.ull.TestAll" time="0.099">
    <system-out><![CDATA[0 Minutes	[SIM]	SIMULATION STARTS
0 Minutes	[E0]	ELEMENT START	ET: Message
0 Minutes	[E1]	ELEMENT START	ET: Message
0 Minutes	[E2]	ELEMENT START	ET: Message
0 Minutes	[E3]	ELEMENT START	ET: Message
0 Minutes	[E4]	ELEMENT START	ET: Message
0 Minutes	[E5]	ELEMENT START	ET: Message
0 Minutes	[E6]	ELEMENT START	ET: Message
0 Minutes	[E7]	ELEMENT START	ET: Message
0 Minutes	[E8]	ELEMENT START	ET: Message
0 Minutes	[E9]	ELEMENT START	ET: Message
5 Minutes	[E0]	START DELAY	ACT: Little delay
5 Minutes	[E1]	START DELAY	ACT: Little delay
5 Minutes	[E5]	START DELAY	ACT: Little delay
5 Minutes	[E8]	START DELAY	ACT: Little delay
5 Minutes	[E7]	START DELAY	ACT: Little delay
10 Minutes	[E6]	START DELAY	ACT: Little delay
10 Minutes	[E2]	START DELAY	ACT: Little delay
10 Minutes	[E4]	START DELAY	ACT: Little delay
15 Minutes	[E7]	END DELAY	ACT: Little delay
15 Minutes	[E7]	ELEMENT FINISH	ET: Message
15 Minutes	[E0]	END DELAY	ACT: Little delay
15 Minutes	[E0]	ELEMENT FINISH	ET: Message
15 Minutes	[E8]	END DELAY	ACT: Little delay
15 Minutes	[E8]	ELEMENT FINISH	ET: Message
15 Minutes	[E9]	START DELAY	ACT: Little delay
15 Minutes	[E5]	END DELAY	ACT: Little delay
15 Minutes	[E5]	ELEMENT FINISH	ET: Message
15 Minutes	[E1]	END DELAY	ACT: Little delay
15 Minutes	[E1]	ELEMENT FINISH	ET: Message
20 Minutes	[E4]	END DELAY	ACT: Little delay
20 Minutes	[E4]	ELEMENT FINISH	ET: Message
20 Minutes	[E6]	END DELAY	ACT: Little delay
20 Minutes	[E6]	ELEMENT FINISH	ET: Message
20 Minutes	[E2]	END DELAY	ACT: Little delay
20 Minutes	[E2]	ELEMENT FINISH	ET: Message
20 Minutes	[E3]	START DELAY	ACT: Little delay
25 Minutes	[E9]	END DELAY	ACT: Little delay
25 Minutes	[E9]	ELEMENT FINISH	ET: Message
30 Minutes	[E3]	END DELAY	ACT: Little delay
30 Minutes	[E3]	ELEMENT FINISH	ET: Message
35 Minutes	[SIM]	SIMULATION ENDS
CPU Time = 37 miliseconds.
]]></system-out>
  </testcase>
  <testcase name="testAll(TestType)[2]" classname="es.ull.TestAll" time="0.026">
    <system-out><![CDATA[0 Minutes	[SIM]	SIMULATION STARTS
0 Minutes	[E0]	ELEMENT START	ET: Crane
0 Minutes	[RES0]	RESOURCE START	Container 0
0 Minutes	[RES0]	ROLE ON	Container 0	RT: Container existing
0 Minutes	[E0]	REQUEST RESOURCES	ACT: Req 1
0 Minutes	[E0]	REQUEST RESOURCES	ACT: Req 0
0 Minutes	[E0]	CAUGHT RESOURCE	[RES0]	Container 0	ROLE: Container existing	ACT: Req 0	
0 Minutes	[E0]	ACQUIRE RESOURCES	ACT: Req 0	WG: WG1 [[RT0],1]
0 Minutes	[E0]	START DELAY	ACT: Req 0	WG: WG1 [[RT0],1]
5 Minutes	[E0]	END DELAY	ACT: Req 0	WG: WG1 [[RT0],1]
5 Minutes	[E0]	RELEASED RESOURCE	[RES0]	Container 0	ROLE: Container existing	ACT: Req 0	
5 Minutes	[E0]	RELEASE RESOURCES	ACT: Req 0
5 Minutes	[RES1]	RESOURCE START	Container later 1
5 Minutes	[RES1]	ROLE ON	Container later 1	RT: Container arriving later
5 Minutes	[E0]	CAUGHT RESOURCE	[RES1]	Container later 1	ROLE: Container arriving later	ACT: Req 1	
5 Minutes	[E0]	ACQUIRE RESOURCES	ACT: Req 1	WG: WG3 [[RT1],1]
5 Minutes	[E0]	START DELAY	ACT: Req 1	WG: WG3 [[RT1],1]
10 Minutes	[E0]	END DELAY	ACT: Req 1	WG: WG3 [[RT1],1]
10 Minutes	[E0]	RELEASED RESOURCE	[RES1]	Container later 1	ROLE: Container arriving later	ACT: Req 1	
10 Minutes	[E0]	RELEASE RESOURCES	ACT: Req 1
10 Minutes	[E0]	ELEMENT FINISH	ET: Crane
60 Minutes	[SIM]	SIMULATION ENDS
CPU Time = 7 miliseconds.
]]></system-out>
  </testcase>
  <testcase name="testAll(TestType)[3]" classname="es.ull.TestAll" time="0.006">
    <system-out><![CDATA[0 Minutes	[SIM]	SIMULATION STARTS
0 Minutes	[E0]	ELEMENT START	ET: ET0
0 Minutes	[RES0]	RESOURCE START	RES0
0 Minutes	[E0]	REQUEST RESOURCES	ACT: ACT0
20 Minutes	[RES0]	ROLE ON	RES0	RT: RT0
20 Minutes	[E0]	CAUGHT RESOURCE	[RES0]	RES0	ROLE: RT0	ACT: ACT0	
20 Minutes	[E0]	ACQUIRE RESOURCES	ACT: ACT0	WG: WG1 [[RT0],1]
20 Minutes	[E0]	START DELAY	ACT: ACT0	WG: WG1 [[RT0],1]
60 Minutes	[RES0]	ROLE OFF	RES0	RT: RT0
60 Minutes	[E0]	INTERRUPT ACTIVITY	ACT: ACT0	WG: WG1 [[RT0],1]
60 Minutes	[E0]	RELEASED RESOURCE	[RES0]	RES0	ROLE: RT0	ACT: ACT0	
60 Minutes	[E0]	RELEASE RESOURCES	ACT: ACT0
60 Minutes	[E0]	REQUEST RESOURCES	ACT: ACT0
120 Minutes	[RES0]	ROLE ON	RES0	RT: RT0
120 Minutes	[E0]	CAUGHT RESOURCE	[RES0]	RES0	ROLE: RT0	ACT: ACT0	
120 Minutes	[E0]	ACQUIRE RESOURCES	ACT: ACT0	WG: WG1 [[RT0],1]
120 Minutes	[E0]	RESUME ACTIVITY	ACT: ACT0	WG: WG1 [[RT0],1]
160 Minutes	[RES0]	ROLE OFF	RES0	RT: RT0
160 Minutes	[E0]	INTERRUPT ACTIVITY	ACT: ACT0	WG: WG1 [[RT0],1]
160 Minutes	[E0]	RELEASED RESOURCE	[RES0]	RES0	ROLE: RT0	ACT: ACT0	
160 Minutes	[E0]	RELEASE RESOURCES	ACT: ACT0
160 Minutes	[E0]	REQUEST RESOURCES	ACT: ACT0
220 Minutes	[RES0]	ROLE ON	RES0	RT: RT0
220 Minutes	[E0]	CAUGHT RESOURCE	[RES0]	RES0	ROLE: RT0	ACT: ACT0	
220 Minutes	[E0]	ACQUIRE RESOURCES	ACT: ACT0	WG: WG1 [[RT0],1]
220 Minutes	[E0]	RESUME ACTIVITY	ACT: ACT0	WG: WG1 [[RT0],1]
241 Minutes	[E0]	END DELAY	ACT: ACT0	WG: WG1 [[RT0],1]
241 Minutes	[E0]	RELEASED RESOURCE	[RES0]	RES0	ROLE: RT0	ACT: ACT0	
241 Minutes	[E0]	RELEASE RESOURCES	ACT: ACT0
241 Minutes	[E0]	ELEMENT FINISH	ET: ET0
260 Minutes	[RES0]	ROLE OFF	RES0	RT: RT0
320 Minutes	[RES0]	ROLE ON	RES0	RT: RT0
360 Minutes	[RES0]	ROLE OFF	RES0	RT: RT0
400 Minutes	[SIM]	SIMULATION ENDS
CPU Time = 2 miliseconds.
]]></system-out>
  </testcase>
  <testcase name="testAll(TestType)[4]" classname="es.ull.TestAll" time="0.049">
    <system-out><![CDATA[0 Minutes	[SIM]	SIMULATION STARTS
0 Minutes	[E0]	ELEMENT START	ET: ET0
0 Minutes	[E1]	ELEMENT START	ET: ET0
0 Minutes	[E2]	ELEMENT START	ET: ET0
0 Minutes	[E3]	ELEMENT START	ET: ET0
0 Minutes	[E4]	ELEMENT START	ET: ET0
0 Minutes	[E5]	ELEMENT START	ET: ET0
0 Minutes	[E6]	ELEMENT START	ET: ET0
0 Minutes	[E7]	ELEMENT START	ET: ET0
0 Minutes	[E8]	ELEMENT START	ET: ET0
0 Minutes	[E9]	ELEMENT START	ET: ET0
0 Minutes	[E10]	ELEMENT START	ET: ET1
0 Minutes	[E11]	ELEMENT START	ET: ET1
0 Minutes	[E12]	ELEMENT START	ET: ET1
0 Minutes	[E13]	ELEMENT START	ET: ET1
0 Minutes	[E14]	ELEMENT START	ET: ET1
0 Minutes	[E15]	ELEMENT START	ET: ET1
0 Minutes	[E16]	ELEMENT START	ET: ET1
0 Minutes	[E17]	ELEMENT START	ET: ET1
0 Minutes	[E18]	ELEMENT START	ET: ET1
0 Minutes	[E19]	ELEMENT START	ET: ET1
0 Minutes	[RES1]	RESOURCE START	RES1
0 Minutes	[RES5]	RESOURCE START	RES5
0 Minutes	[E4]	REQUEST RESOURCES	ACT: ACT3
0 Minutes	[E19]	REQUEST RESOURCES	ACT: ACT3
0 Minutes	[E19]	REQUEST RESOURCES	ACT: ACT2
0 Minutes	[E19]	REQUEST RESOURCES	ACT: ACT1
0 Minutes	[E19]	REQUEST RESOURCES	ACT: ACT0
0 Minutes	[E4]	REQUEST RESOURCES	ACT: ACT2
0 Minutes	[E4]	REQUEST RESOURCES	ACT: ACT1
0 Minutes	[E4]	REQUEST RESOURCES	ACT: ACT0
0 Minutes	[RES6]	RESOURCE START	RES6
0 Minutes	[E3]	REQUEST RESOURCES	ACT: ACT0
0 Minutes	[E3]	REQUEST RESOURCES	ACT: ACT1
0 Minutes	[E5]	REQUEST RESOURCES	ACT: ACT3
0 Minutes	[E3]	REQUEST RESOURCES	ACT: ACT2
0 Minutes	[E5]	REQUEST RESOURCES	ACT: ACT0
0 Minutes	[E5]	REQUEST RESOURCES	ACT: ACT1
0 Minutes	[E3]	REQUEST RESOURCES	ACT: ACT3
0 Minutes	[E5]	REQUEST RESOURCES	ACT: ACT2
0 Minutes	[E17]	REQUEST RESOURCES	ACT: ACT2
0 Minutes	[E18]	REQUEST RESOURCES	ACT: ACT2
0 Minutes	[E6]	REQUEST RESOURCES	ACT: ACT2
0 Minutes	[E18]	REQUEST RESOURCES	ACT: ACT3
0 Minutes	[E17]	REQUEST RESOURCES	ACT: ACT0
0 Minutes	[E17]	REQUEST RESOURCES	ACT: ACT1
0 Minutes	[E6]	REQUEST RESOURCES	ACT: ACT0
0 Minutes	[E17]	REQUEST RESOURCES	ACT: ACT3
0 Minutes	[E18]	REQUEST RESOURCES	ACT: ACT1
0 Minutes	[E18]	REQUEST RESOURCES	ACT: ACT0
0 Minutes	[E16]	REQUEST RESOURCES	ACT: ACT3
0 Minutes	[E6]	REQUEST RESOURCES	ACT: ACT1
0 Minutes	[E6]	REQUEST RESOURCES	ACT: ACT3
0 Minutes	[E15]	REQUEST RESOURCES	ACT: ACT1
0 Minutes	[E15]	REQUEST RESOURCES	ACT: ACT0
0 Minutes	[E16]	REQUEST RESOURCES	ACT: ACT2
0 Minutes	[E16]	REQUEST RESOURCES	ACT: ACT1
0 Minutes	[E16]	REQUEST RESOURCES	ACT: ACT0
0 Minutes	[E15]	REQUEST RESOURCES	ACT: ACT2
0 Minutes	[E15]	REQUEST RESOURCES	ACT: ACT3
0 Minutes	[E13]	REQUEST RESOURCES	ACT: ACT2
0 Minutes	[E13]	REQUEST RESOURCES	ACT: ACT1
0 Minutes	[E13]	REQUEST RESOURCES	ACT: ACT0
0 Minutes	[E14]	REQUEST RESOURCES	ACT: ACT2
0 Minutes	[E14]	REQUEST RESOURCES	ACT: ACT1
0 Minutes	[E14]	REQUEST RESOURCES	ACT: ACT0
0 Minutes	[E12]	REQUEST RESOURCES	ACT: ACT3
0 Minutes	[E11]	REQUEST RESOURCES	ACT: ACT3
0 Minutes	[E11]	REQUEST RESOURCES	ACT: ACT2
0 Minutes	[E11]	REQUEST RESOURCES	ACT: ACT1
0 Minutes	[E11]	REQUEST RESOURCES	ACT: ACT0
0 Minutes	[E12]	REQUEST RESOURCES	ACT: ACT2
0 Minutes	[E12]	REQUEST RESOURCES	ACT: ACT1
0 Minutes	[E12]	REQUEST RESOURCES	ACT: ACT0
0 Minutes	[E10]	REQUEST RESOURCES	ACT: ACT3
0 Minutes	[E9]	REQUEST RESOURCES	ACT: ACT3
0 Minutes	[E9]	REQUEST RESOURCES	ACT: ACT2
0 Minutes	[E9]	REQUEST RESOURCES	ACT: ACT1
0 Minutes	[E9]	REQUEST RESOURCES	ACT: ACT0
0 Minutes	[E10]	REQUEST RESOURCES	ACT: ACT2
0 Minutes	[E10]	REQUEST RESOURCES	ACT: ACT1
0 Minutes	[E10]	REQUEST RESOURCES	ACT: ACT0
0 Minutes	[E8]	REQUEST RESOURCES	ACT: ACT3
0 Minutes	[E7]	REQUEST RESOURCES	ACT: ACT3
0 Minutes	[E7]	REQUEST RESOURCES	ACT: ACT2
0 Minutes	[E7]	REQUEST RESOURCES	ACT: ACT1
0 Minutes	[E7]	REQUEST RESOURCES	ACT: ACT0
0 Minutes	[E8]	REQUEST RESOURCES	ACT: ACT2
0 Minutes	[E8]	REQUEST RESOURCES	ACT: ACT1
0 Minutes	[E8]	REQUEST RESOURCES	ACT: ACT0
0 Minutes	[E14]	REQUEST RESOURCES	ACT: ACT3
0 Minutes	[RES2]	RESOURCE START	RES2
0 Minutes	[E13]	REQUEST RESOURCES	ACT: ACT3
0 Minutes	[RES7]	RESOURCE START	RES7
0 Minutes	[RES8]	RESOURCE START	RES8
0 Minutes	[RES0]	RESOURCE START	RES0
0 Minutes	[RES3]	RESOURCE START	RES3
0 Minutes	[RES9]	RESOURCE START	RES9
0 Minutes	[RES4]	RESOURCE START	RES4
0 Minutes	[E0]	REQUEST RESOURCES	ACT: ACT3
0 Minutes	[E0]	REQUEST RESOURCES	ACT: ACT0
0 Minutes	[E0]	REQUEST RESOURCES	ACT: ACT1
0 Minutes	[E0]	REQUEST RESOURCES	ACT: ACT2
0 Minutes	[E1]	REQUEST RESOURCES	ACT: ACT1
0 Minutes	[E1]	REQUEST RESOURCES	ACT: ACT2
0 Minutes	[E1]	REQUEST RESOURCES	ACT: ACT3
0 Minutes	[E2]	REQUEST RESOURCES	ACT: ACT0
0 Minutes	[E2]	REQUEST RESOURCES	ACT: ACT1
0 Minutes	[E2]	REQUEST RESOURCES	ACT: ACT2
0 Minutes	[E2]	REQUEST RESOURCES	ACT: ACT3
0 Minutes	[E1]	REQUEST RESOURCES	ACT: ACT0
20 Minutes	[RES9]	ROLE ON	RES9	RT: RT0
20 Minutes	[RES8]	ROLE ON	RES8	RT: RT0
20 Minutes	[RES4]	ROLE ON	RES4	RT: RT0
20 Minutes	[RES5]	ROLE ON	RES5	RT: RT0
20 Minutes	[RES1]	ROLE ON	RES1	RT: RT0
20 Minutes	[RES2]	ROLE ON	RES2	RT: RT0
20 Minutes	[RES6]	ROLE ON	RES6	RT: RT0
20 Minutes	[RES3]	ROLE ON	RES3	RT: RT0
20 Minutes	[RES0]	ROLE ON	RES0	RT: RT0
20 Minutes	[RES7]	ROLE ON	RES7	RT: RT0
20 Minutes	[E4]	CAUGHT RESOURCE	[RES8]	RES8	ROLE: RT0	ACT: ACT1	
20 Minutes	[E4]	CAUGHT RESOURCE	[RES9]	RES9	ROLE: RT0	ACT: ACT1	
20 Minutes	[E4]	ACQUIRE RESOURCES	ACT: ACT1	WG: WG2 [[RT0],2]
20 Minutes	[E4]	START DELAY	ACT: ACT1	WG: WG2 [[RT0],2]
20 Minutes	[E4]	CAUGHT RESOURCE	[RES5]	RES5	ROLE: RT0	ACT: ACT0	
20 Minutes	[E4]	CAUGHT RESOURCE	[RES4]	RES4	ROLE: RT0	ACT: ACT0	
20 Minutes	[E4]	ACQUIRE RESOURCES	ACT: ACT0	WG: WG1 [[RT0],2]
20 Minutes	[E4]	START DELAY	ACT: ACT0	WG: WG1 [[RT0],2]
20 Minutes	[E3]	CAUGHT RESOURCE	[RES2]	RES2	ROLE: RT0	ACT: ACT0	
20 Minutes	[E3]	CAUGHT RESOURCE	[RES1]	RES1	ROLE: RT0	ACT: ACT0	
20 Minutes	[E3]	ACQUIRE RESOURCES	ACT: ACT0	WG: WG1 [[RT0],2]
20 Minutes	[E3]	START DELAY	ACT: ACT0	WG: WG1 [[RT0],2]
20 Minutes	[E3]	CAUGHT RESOURCE	[RES3]	RES3	ROLE: RT0	ACT: ACT1	
20 Minutes	[E3]	CAUGHT RESOURCE	[RES6]	RES6	ROLE: RT0	ACT: ACT1	
20 Minutes	[E3]	ACQUIRE RESOURCES	ACT: ACT1	WG: WG2 [[RT0],2]
20 Minutes	[E3]	START DELAY	ACT: ACT1	WG: WG2 [[RT0],2]
20 Minutes	[E5]	CAUGHT RESOURCE	[RES7]	RES7	ROLE: RT0	ACT: ACT0	
20 Minutes	[E5]	CAUGHT RESOURCE	[RES0]	RES0	ROLE: RT0	ACT: ACT0	
20 Minutes	[E5]	ACQUIRE RESOURCES	ACT: ACT0	WG: WG1 [[RT0],2]
20 Minutes	[E5]	START DELAY	ACT: ACT0	WG: WG1 [[RT0],2]
30 Minutes	[E4]	END DELAY	ACT: ACT1	WG: WG2 [[RT0],2]
30 Minutes	[E3]	END DELAY	ACT: ACT0	WG: WG1 [[RT0],2]
30 Minutes	[E3]	END DELAY	ACT: ACT1	WG: WG2 [[RT0],2]
30 Minutes	[E5]	END DELAY	ACT: ACT0	WG: WG1 [[RT0],2]
30 Minutes	[E4]	RELEASED RESOURCE	[RES9]	RES9	ROLE: RT0	ACT: ACT1	
30 Minutes	[E4]	RELEASED RESOURCE	[RES8]	RES8	ROLE: RT0	ACT: ACT1	
30 Minutes	[E4]	RELEASE RESOURCES	ACT: ACT1
30 Minutes	[E3]	RELEASED RESOURCE	[RES1]	RES1	ROLE: RT0	ACT: ACT0	
30 Minutes	[E3]	RELEASED RESOURCE	[RES2]	RES2	ROLE: RT0	ACT: ACT0	
30 Minutes	[E3]	RELEASE RESOURCES	ACT: ACT0
30 Minutes	[E3]	RELEASED RESOURCE	[RES6]	RES6	ROLE: RT0	ACT: ACT1	
30 Minutes	[E3]	RELEASED RESOURCE	[RES3]	RES3	ROLE: RT0	ACT: ACT1	
30 Minutes	[E3]	RELEASE RESOURCES	ACT: ACT1
30 Minutes	[E5]	RELEASED RESOURCE	[RES0]	RES0	ROLE: RT0	ACT: ACT0	
30 Minutes	[E5]	RELEASED RESOURCE	[RES7]	RES7	ROLE: RT0	ACT: ACT0	
30 Minutes	[E5]	RELEASE RESOURCES	ACT: ACT0
30 Minutes	[E4]	END DELAY	ACT: ACT0	WG: WG1 [[RT0],2]
30 Minutes	[E4]	RELEASED RESOURCE	[RES4]	RES4	ROLE: RT0	ACT: ACT0	
30 Minutes	[E4]	RELEASED RESOURCE	[RES5]	RES5	ROLE: RT0	ACT: ACT0	
30 Minutes	[E4]	RELEASE RESOURCES	ACT: ACT0
30 Minutes	[E5]	CAUGHT RESOURCE	[RES8]	RES8	ROLE: RT0	ACT: ACT1	
30 Minutes	[E5]	CAUGHT RESOURCE	[RES9]	RES9	ROLE: RT0	ACT: ACT1	
30 Minutes	[E5]	ACQUIRE RESOURCES	ACT: ACT1	WG: WG2 [[RT0],2]
30 Minutes	[E5]	START DELAY	ACT: ACT1	WG: WG2 [[RT0],2]
30 Minutes	[E6]	CAUGHT RESOURCE	[RES5]	RES5	ROLE: RT0	ACT: ACT0	
30 Minutes	[E6]	CAUGHT RESOURCE	[RES4]	RES4	ROLE: RT0	ACT: ACT0	
30 Minutes	[E6]	ACQUIRE RESOURCES	ACT: ACT0	WG: WG1 [[RT0],2]
30 Minutes	[E6]	START DELAY	ACT: ACT0	WG: WG1 [[RT0],2]
30 Minutes	[E6]	CAUGHT RESOURCE	[RES2]	RES2	ROLE: RT0	ACT: ACT1	
30 Minutes	[E6]	CAUGHT RESOURCE	[RES1]	RES1	ROLE: RT0	ACT: ACT1	
30 Minutes	[E6]	ACQUIRE RESOURCES	ACT: ACT1	WG: WG2 [[RT0],2]
30 Minutes	[E6]	START DELAY	ACT: ACT1	WG: WG2 [[RT0],2]
30 Minutes	[E9]	CAUGHT RESOURCE	[RES3]	RES3	ROLE: RT0	ACT: ACT1	
30 Minutes	[E9]	CAUGHT RESOURCE	[RES6]	RES6	ROLE: RT0	ACT: ACT1	
30 Minutes	[E9]	ACQUIRE RESOURCES	ACT: ACT1	WG: WG2 [[RT0],2]
30 Minutes	[E9]	START DELAY	ACT: ACT1	WG: WG2 [[RT0],2]
30 Minutes	[E9]	CAUGHT RESOURCE	[RES7]	RES7	ROLE: RT0	ACT: ACT0	
30 Minutes	[E9]	CAUGHT RESOURCE	[RES0]	RES0	ROLE: RT0	ACT: ACT0	
30 Minutes	[E9]	ACQUIRE RESOURCES	ACT: ACT0	WG: WG1 [[RT0],2]
30 Minutes	[E9]	START DELAY	ACT: ACT0	WG: WG1 [[RT0],2]
40 Minutes	[E5]	END DELAY	ACT: ACT1	WG: WG2 [[RT0],2]
40 Minutes	[E6]	END DELAY	ACT: ACT1	WG: WG2 [[RT0],2]
40 Minutes	[E9]	END DELAY	ACT: ACT1	WG: WG2 [[RT0],2]
40 Minutes	[E9]	END DELAY	ACT: ACT0	WG: WG1 [[RT0],2]
40 Minutes	[E5]	RELEASED RESOURCE	[RES9]	RES9	ROLE: RT0	ACT: ACT1	
40 Minutes	[E5]	RELEASED RESOURCE	[RES8]	RES8	ROLE: RT0	ACT: ACT1	
40 Minutes	[E5]	RELEASE RESOURCES	ACT: ACT1
40 Minutes	[E6]	RELEASED RESOURCE	[RES1]	RES1	ROLE: RT0	ACT: ACT1	
40 Minutes	[E6]	RELEASED RESOURCE	[RES2]	RES2	ROLE: RT0	ACT: ACT1	
40 Minutes	[E6]	RELEASE RESOURCES	ACT: ACT1
40 Minutes	[E9]	RELEASED RESOURCE	[RES6]	RES6	ROLE: RT0	ACT: ACT1	
40 Minutes	[E9]	RELEASED RESOURCE	[RES3]	RES3	ROLE: RT0	ACT: ACT1	
40 Minutes	[E9]	RELEASE RESOURCES	ACT: ACT1
40 Minutes	[E9]	RELEASED RESOURCE	[RES0]	RES0	ROLE: RT0	ACT: ACT0	
40 Minutes	[E9]	RELEASED RESOURCE	[RES7]	RES7	ROLE: RT0	ACT: ACT0	
40 Minutes	[E9]	RELEASE RESOURCES	ACT: ACT0
40 Minutes	[E6]	END DELAY	ACT: ACT0	WG: WG1 [[RT0],2]
40 Minutes	[E6]	RELEASED RESOURCE	[RES4]	RES4	ROLE: RT0	ACT: ACT0	
40 Minutes	[E6]	RELEASED RESOURCE	[RES5]	RES5	ROLE: RT0	ACT: ACT0	
40 Minutes	[E6]	RELEASE RESOURCES	ACT: ACT0
40 Minutes	[E7]	CAUGHT RESOURCE	[RES8]	RES8	ROLE: RT0	ACT: ACT1	
40 Minutes	[E7]	CAUGHT RESOURCE	[RES9]	RES9	ROLE: RT0	ACT: ACT1	
40 Minutes	[E7]	ACQUIRE RESOURCES	ACT: ACT1	WG: WG2 [[RT0],2]
40 Minutes	[E7]	START DELAY	ACT: ACT1	WG: WG2 [[RT0],2]
40 Minutes	[E7]	CAUGHT RESOURCE	[RES5]	RES5	ROLE: RT0	ACT: ACT0	
40 Minutes	[E7]	CAUGHT RESOURCE	[RES4]	RES4	ROLE: RT0	ACT: ACT0	
40 Minutes	[E7]	ACQUIRE RESOURCES	ACT: ACT0	WG: WG1 [[RT0],2]
40 Minutes	[E7]	START DELAY	ACT: ACT0	WG: WG1 [[RT0],2]
40 Minutes	[E8]	CAUGHT RESOURCE	[RES2]	RES2	ROLE: RT0	ACT: ACT1	
40 Minutes	[E8]	CAUGHT RESOURCE	[RES1]	RES1	ROLE: RT0	ACT: ACT1	
40 Minutes	[E8]	ACQUIRE RESOURCES	ACT: ACT1	WG: WG2 [[RT0],2]
40 Minutes	[E8]	START DELAY	ACT: ACT1	WG: WG2 [[RT0],2]
40 Minutes	[E8]	CAUGHT RESOURCE	[RES3]	RES3	ROLE: RT0	ACT: ACT0	
40 Minutes	[E8]	CAUGHT RESOURCE	[RES6]	RES6	ROLE: RT0	ACT: ACT0	
40 Minutes	[E8]	ACQUIRE RESOURCES	ACT: ACT0	WG: WG1 [[RT0],2]
40 Minutes	[E8]	START DELAY	ACT: ACT0	WG: WG1 [[RT0],2]
40 Minutes	[E0]	CAUGHT RESOURCE	[RES7]	RES7	ROLE: RT0	ACT: ACT0	
40 Minutes	[E0]	CAUGHT RESOURCE	[RES0]	RES0	ROLE: RT0	ACT: ACT0	
40 Minutes	[E0]	ACQUIRE RESOURCES	ACT: ACT0	WG: WG1 [[RT0],2]
40 Minutes	[E0]	START DELAY	ACT: ACT0	WG: WG1 [[RT0],2]
50 Minutes	[E7]	END DELAY	ACT: ACT1	WG: WG2 [[RT0],2]
50 Minutes	[E8]	END DELAY	ACT: ACT1	WG: WG2 [[RT0],2]
50 Minutes	[E8]	END DELAY	ACT: ACT0	WG: WG1 [[RT0],2]
50 Minutes	[E0]	END DELAY	ACT: ACT0	WG: WG1 [[RT0],2]
50 Minutes	[E7]	RELEASED RESOURCE	[RES9]	RES9	ROLE: RT0	ACT: ACT1	
50 Minutes	[E7]	RELEASED RESOURCE	[RES8]	RES8	ROLE: RT0	ACT: ACT1	
50 Minutes	[E7]	RELEASE RESOURCES	ACT: ACT1
50 Minutes	[E8]	RELEASED RESOURCE	[RES1]	RES1	ROLE: RT0	ACT: ACT1	
50 Minutes	[E8]	RELEASED RESOURCE	[RES2]	RES2	ROLE: RT0	ACT: ACT1	
50 Minutes	[E8]	RELEASE RESOURCES	ACT: ACT1
50 Minutes	[E8]	RELEASED RESOURCE	[RES6]	RES6	ROLE: RT0	ACT: ACT0	
50 Minutes	[E8]	RELEASED RESOURCE	[RES3]	RES3	ROLE: RT0	ACT: ACT0	
50 Minutes	[E8]	RELEASE RESOURCES	ACT: ACT0
50 Minutes	[E0]	RELEASED RESOURCE	[RES0]	RES0	ROLE: RT0	ACT: ACT0	
50 Minutes	[E0]	RELEASED RESOURCE	[RES7]	RES7	ROLE: RT0	ACT: ACT0	
50 Minutes	[E0]	RELEASE RESOURCES	ACT: ACT0
50 Minutes	[E7]	END DELAY	ACT: ACT0	WG: WG1 [[RT0],2]
50 Minutes	[E7]	RELEASED RESOURCE	[RES4]	RES4	ROLE: RT0	ACT: ACT0	
50 Minutes	[E7]	RELEASED RESOURCE	[RES5]	RES5	ROLE: RT0	ACT: ACT0	
50 Minutes	[E7]	RELEASE RESOURCES	ACT: ACT0
50 Minutes	[E0]	CAUGHT RESOURCE	[RES8]	RES8	ROLE: RT0	ACT: ACT1	
50 Minutes	[E0]	CAUGHT RESOURCE	[RES9]	RES9	ROLE: RT0	ACT: ACT1	
50 Minutes	[E0]	ACQUIRE RESOURCES	ACT: ACT1	WG: WG2 [[RT0],2]
50 Minutes	[E0]	START DELAY	ACT: ACT1	WG: WG2 [[RT0],2]
50 Minutes	[E1]	CAUGHT RESOURCE	[RES5]	RES5	ROLE: RT0	ACT: ACT1	
50 Minutes	[E1]	CAUGHT RESOURCE	[RES4]	RES4	ROLE: RT0	ACT: ACT1	
50 Minutes	[E1]	ACQUIRE RESOURCES	ACT: ACT1	WG: WG2 [[RT0],2]
50 Minutes	[E1]	START DELAY	ACT: ACT1	WG: WG2 [[RT0],2]
50 Minutes	[E2]	CAUGHT RESOURCE	[RES2]	RES2	ROLE: RT0	ACT: ACT0	
50 Minutes	[E2]	CAUGHT RESOURCE	[RES1]	RES1	ROLE: RT0	ACT: ACT0	
50 Minutes	[E2]	ACQUIRE RESOURCES	ACT: ACT0	WG: WG1 [[RT0],2]
50 Minutes	[E2]	START DELAY	ACT: ACT0	WG: WG1 [[RT0],2]
50 Minutes	[E2]	CAUGHT RESOURCE	[RES3]	RES3	ROLE: RT0	ACT: ACT1	
50 Minutes	[E2]	CAUGHT RESOURCE	[RES6]	RES6	ROLE: RT0	ACT: ACT1	
50 Minutes	[E2]	ACQUIRE RESOURCES	ACT: ACT1	WG: WG2 [[RT0],2]
50 Minutes	[E2]	START DELAY	ACT: ACT1	WG: WG2 [[RT0],2]
50 Minutes	[E1]	CAUGHT RESOURCE	[RES7]	RES7	ROLE: RT0	ACT: ACT0	
50 Minutes	[E1]	CAUGHT RESOURCE	[RES0]	RES0	ROLE: RT0	ACT: ACT0	
50 Minutes	[E1]	ACQUIRE RESOURCES	ACT: ACT0	WG: WG1 [[RT0],2]
50 Minutes	[E1]	START DELAY	ACT: ACT0	WG: WG1 [[RT0],2]
60 Minutes	[RES0]	ROLE OFF	RES0	RT: RT0
60 Minutes	[E1]	END DELAY	ACT: ACT0	WG: WG1 [[RT0],2]
60 Minutes	[RES9]	ROLE OFF	RES9	RT: RT0
60 Minutes	[E1]	RELEASED RESOURCE	[RES0]	RES0	ROLE: RT0	ACT: ACT0	
60 Minutes	[E1]	RELEASED RESOURCE	[RES7]	RES7	ROLE: RT0	ACT: ACT0	
60 Minutes	[E1]	RELEASE RESOURCES	ACT: ACT0
60 Minutes	[RES4]	ROLE OFF	RES4	RT: RT0
60 Minutes	[RES1]	ROLE OFF	RES1	RT: RT0
60 Minutes	[E2]	END DELAY	ACT: ACT0	WG: WG1 [[RT0],2]
60 Minutes	[E2]	END DELAY	ACT: ACT1	WG: WG2 [[RT0],2]
60 Minutes	[RES8]	ROLE OFF	RES8	RT: RT0
60 Minutes	[E2]	RELEASED RESOURCE	[RES1]	RES1	ROLE: RT0	ACT: ACT0	
60 Minutes	[E2]	RELEASED RESOURCE	[RES2]	RES2	ROLE: RT0	ACT: ACT0	
60 Minutes	[E2]	RELEASE RESOURCES	ACT: ACT0
60 Minutes	[E2]	RELEASED RESOURCE	[RES6]	RES6	ROLE: RT0	ACT: ACT1	
60 Minutes	[E2]	RELEASED RESOURCE	[RES3]	RES3	ROLE: RT0	ACT: ACT1	
60 Minutes	[E2]	RELEASE RESOURCES	ACT: ACT1
60 Minutes	[RES5]	ROLE OFF	RES5	RT: RT0
60 Minutes	[E1]	END DELAY	ACT: ACT1	WG: WG2 [[RT0],2]
60 Minutes	[RES6]	ROLE OFF	RES6	RT: RT0
60 Minutes	[E1]	RELEASED RESOURCE	[RES4]	RES4	ROLE: RT0	ACT: ACT1	
60 Minutes	[E1]	RELEASED RESOURCE	[RES5]	RES5	ROLE: RT0	ACT: ACT1	
60 Minutes	[E1]	RELEASE RESOURCES	ACT: ACT1
60 Minutes	[RES2]	ROLE OFF	RES2	RT: RT0
60 Minutes	[E0]	END DELAY	ACT: ACT1	WG: WG2 [[RT0],2]
60 Minutes	[RES7]	ROLE OFF	RES7	RT: RT0
60 Minutes	[RES3]	ROLE OFF	RES3	RT: RT0
60 Minutes	[E0]	RELEASED RESOURCE	[RES9]	RES9	ROLE: RT0	ACT: ACT1	
60 Minutes	[E0]	RELEASED RESOURCE	[RES8]	RES8	ROLE: RT0	ACT: ACT1	
60 Minutes	[E0]	RELEASE RESOURCES	ACT: ACT1
120 Minutes	[RES3]	ROLE ON	RES3	RT: RT0
120 Minutes	[RES5]	ROLE ON	RES5	RT: RT0
120 Minutes	[RES0]	ROLE ON	RES0	RT: RT0
120 Minutes	[RES1]	ROLE ON	RES1	RT: RT0
120 Minutes	[RES9]	ROLE ON	RES9	RT: RT0
120 Minutes	[RES4]	ROLE ON	RES4	RT: RT0
120 Minutes	[RES8]	ROLE ON	RES8	RT: RT0
120 Minutes	[RES7]	ROLE ON	RES7	RT: RT0
120 Minutes	[RES6]	ROLE ON	RES6	RT: RT0
120 Minutes	[RES2]	ROLE ON	RES2	RT: RT0
120 Minutes	[E4]	CAUGHT RESOURCE	[RES5]	RES5	ROLE: RT0	ACT: ACT3	
120 Minutes	[E4]	CAUGHT RESOURCE	[RES3]	RES3	ROLE: RT0	ACT: ACT3	
120 Minutes	[E4]	ACQUIRE RESOURCES	ACT: ACT3	WG: WG4 [[RT0],2]
120 Minutes	[E4]	START DELAY	ACT: ACT3	WG: WG4 [[RT0],2]
120 Minutes	[E4]	CAUGHT RESOURCE	[RES1]	RES1	ROLE: RT0	ACT: ACT2	
120 Minutes	[E4]	CAUGHT RESOURCE	[RES0]	RES0	ROLE: RT0	ACT: ACT2	
120 Minutes	[E4]	ACQUIRE RESOURCES	ACT: ACT2	WG: WG3 [[RT0],2]
120 Minutes	[E4]	START DELAY	ACT: ACT2	WG: WG3 [[RT0],2]
120 Minutes	[E5]	CAUGHT RESOURCE	[RES4]	RES4	ROLE: RT0	ACT: ACT3	
120 Minutes	[E5]	CAUGHT RESOURCE	[RES9]	RES9	ROLE: RT0	ACT: ACT3	
120 Minutes	[E5]	ACQUIRE RESOURCES	ACT: ACT3	WG: WG4 [[RT0],2]
120 Minutes	[E5]	START DELAY	ACT: ACT3	WG: WG4 [[RT0],2]
120 Minutes	[E3]	CAUGHT RESOURCE	[RES7]	RES7	ROLE: RT0	ACT: ACT2	
120 Minutes	[E3]	CAUGHT RESOURCE	[RES8]	RES8	ROLE: RT0	ACT: ACT2	
120 Minutes	[E3]	ACQUIRE RESOURCES	ACT: ACT2	WG: WG3 [[RT0],2]
120 Minutes	[E3]	START DELAY	ACT: ACT2	WG: WG3 [[RT0],2]
120 Minutes	[E3]	CAUGHT RESOURCE	[RES2]	RES2	ROLE: RT0	ACT: ACT3	
120 Minutes	[E3]	CAUGHT RESOURCE	[RES6]	RES6	ROLE: RT0	ACT: ACT3	
120 Minutes	[E3]	ACQUIRE RESOURCES	ACT: ACT3	WG: WG4 [[RT0],2]
120 Minutes	[E3]	START DELAY	ACT: ACT3	WG: WG4 [[RT0],2]
130 Minutes	[E4]	END DELAY	ACT: ACT3	WG: WG4 [[RT0],2]
130 Minutes	[E5]	END DELAY	ACT: ACT3	WG: WG4 [[RT0],2]
130 Minutes	[E3]	END DELAY	ACT: ACT2	WG: WG3 [[RT0],2]
130 Minutes	[E3]	END DELAY	ACT: ACT3	WG: WG4 [[RT0],2]
130 Minutes	[E4]	RELEASED RESOURCE	[RES3]	RES3	ROLE: RT0	ACT: ACT3	
130 Minutes	[E4]	RELEASED RESOURCE	[RES5]	RES5	ROLE: RT0	ACT: ACT3	
130 Minutes	[E4]	RELEASE RESOURCES	ACT: ACT3
130 Minutes	[E5]	RELEASED RESOURCE	[RES9]	RES9	ROLE: RT0	ACT: ACT3	
130 Minutes	[E5]	RELEASED RESOURCE	[RES4]	RES4	ROLE: RT0	ACT: ACT3	
130 Minutes	[E5]	RELEASE RESOURCES	ACT: ACT3
130 Minutes	[E3]	RELEASED RESOURCE	[RES8]	RES8	ROLE: RT0	ACT: ACT2	
130 Minutes	[E3]	RELEASED RESOURCE	[RES7]	RES7	ROLE: RT0	ACT: ACT2	
130 Minutes	[E3]	RELEASE RESOURCES	ACT: ACT2
130 Minutes	[E3]	RELEASED RESOURCE	[RES6]	RES6	ROLE: RT0	ACT: ACT3	
130 Minutes	[E3]	RELEASED RESOURCE	[RES2]	RES2	ROLE: RT0	ACT: ACT3	
130 Minutes	[E3]	RELEASE RESOURCES	ACT: ACT3
130 Minutes	[E3]	ELEMENT FINISH	ET: ET0
130 Minutes	[E4]	END DELAY	ACT: ACT2	WG: WG3 [[RT0],2]
130 Minutes	[E4]	RELEASED RESOURCE	[RES0]	RES0	ROLE: RT0	ACT: ACT2	
130 Minutes	[E4]	RELEASED RESOURCE	[RES1]	RES1	ROLE: RT0	ACT: ACT2	
130 Minutes	[E4]	RELEASE RESOURCES	ACT: ACT2
130 Minutes	[E4]	ELEMENT FINISH	ET: ET0
130 Minutes	[E5]	CAUGHT RESOURCE	[RES5]	RES5	ROLE: RT0	ACT: ACT2	
130 Minutes	[E5]	CAUGHT RESOURCE	[RES3]	RES3	ROLE: RT0	ACT: ACT2	
130 Minutes	[E5]	ACQUIRE RESOURCES	ACT: ACT2	WG: WG3 [[RT0],2]
130 Minutes	[E5]	START DELAY	ACT: ACT2	WG: WG3 [[RT0],2]
130 Minutes	[E6]	CAUGHT RESOURCE	[RES1]	RES1	ROLE: RT0	ACT: ACT2	
130 Minutes	[E6]	CAUGHT RESOURCE	[RES0]	RES0	ROLE: RT0	ACT: ACT2	
130 Minutes	[E6]	ACQUIRE RESOURCES	ACT: ACT2	WG: WG3 [[RT0],2]
130 Minutes	[E6]	START DELAY	ACT: ACT2	WG: WG3 [[RT0],2]
130 Minutes	[E6]	CAUGHT RESOURCE	[RES4]	RES4	ROLE: RT0	ACT: ACT3	
130 Minutes	[E6]	CAUGHT RESOURCE	[RES9]	RES9	ROLE: RT0	ACT: ACT3	
130 Minutes	[E6]	ACQUIRE RESOURCES	ACT: ACT3	WG: WG4 [[RT0],2]
130 Minutes	[E6]	START DELAY	ACT: ACT3	WG: WG4 [[RT0],2]
130 Minutes	[E9]	CAUGHT RESOURCE	[RES7]	RES7	ROLE: RT0	ACT: ACT3	
130 Minutes	[E9]	CAUGHT RESOURCE	[RES8]	RES8	ROLE: RT0	ACT: ACT3	
130 Minutes	[E9]	ACQUIRE RESOURCES	ACT: ACT3	WG: WG4 [[RT0],2]
130 Minutes	[E9]	START DELAY	ACT: ACT3	WG: WG4 [[RT0],2]
130 Minutes	[E9]	CAUGHT RESOURCE	[RES2]	RES2	ROLE: RT0	ACT: ACT2	
130 Minutes	[E9]	CAUGHT RESOURCE	[RES6]	RES6	ROLE: RT0	ACT: ACT2	
130 Minutes	[E9]	ACQUIRE RESOURCES	ACT: ACT2	WG: WG3 [[RT0],2]
130 Minutes	[E9]	START DELAY	ACT: ACT2	WG: WG3 [[RT0],2]
140 Minutes	[E5]	END DELAY	ACT: ACT2	WG: WG3 [[RT0],2]
140 Minutes	[E6]	END DELAY	ACT: ACT3	WG: WG4 [[RT0],2]
140 Minutes	[E9]	END DELAY	ACT: ACT3	WG: WG4 [[RT0],2]
140 Minutes	[E9]	END DELAY	ACT: ACT2	WG: WG3 [[RT0],2]
140 Minutes	[E5]	RELEASED RESOURCE	[RES3]	RES3	ROLE: RT0	ACT: ACT2	
140 Minutes	[E5]	RELEASED RESOURCE	[RES5]	RES5	ROLE: RT0	ACT: ACT2	
140 Minutes	[E5]	RELEASE RESOURCES	ACT: ACT2
140 Minutes	[E5]	ELEMENT FINISH	ET: ET0
140 Minutes	[E6]	RELEASED RESOURCE	[RES9]	RES9	ROLE: RT0	ACT: ACT3	
140 Minutes	[E6]	RELEASED RESOURCE	[RES4]	RES4	ROLE: RT0	ACT: ACT3	
140 Minutes	[E6]	RELEASE RESOURCES	ACT: ACT3
140 Minutes	[E9]	RELEASED RESOURCE	[RES8]	RES8	ROLE: RT0	ACT: ACT3	
140 Minutes	[E9]	RELEASED RESOURCE	[RES7]	RES7	ROLE: RT0	ACT: ACT3	
140 Minutes	[E9]	RELEASE RESOURCES	ACT: ACT3
140 Minutes	[E9]	RELEASED RESOURCE	[RES6]	RES6	ROLE: RT0	ACT: ACT2	
140 Minutes	[E9]	RELEASED RESOURCE	[RES2]	RES2	ROLE: RT0	ACT: ACT2	
140 Minutes	[E9]	RELEASE RESOURCES	ACT: ACT2
140 Minutes	[E9]	ELEMENT FINISH	ET: ET0
140 Minutes	[E6]	END DELAY	ACT: ACT2	WG: WG3 [[RT0],2]
140 Minutes	[E6]	RELEASED RESOURCE	[RES0]	RES0	ROLE: RT0	ACT: ACT2	
140 Minutes	[E6]	RELEASED RESOURCE	[RES1]	RES1	ROLE: RT0	ACT: ACT2	
140 Minutes	[E6]	RELEASE RESOURCES	ACT: ACT2
140 Minutes	[E6]	ELEMENT FINISH	ET: ET0
140 Minutes	[E8]	CAUGHT RESOURCE	[RES5]	RES5	ROLE: RT0	ACT: ACT3	
140 Minutes	[E8]	CAUGHT RESOURCE	[RES3]	RES3	ROLE: RT0	ACT: ACT3	
140 Minutes	[E8]	ACQUIRE RESOURCES	ACT: ACT3	WG: WG4 [[RT0],2]
140 Minutes	[E8]	START DELAY	ACT: ACT3	WG: WG4 [[RT0],2]
140 Minutes	[E7]	CAUGHT RESOURCE	[RES1]	RES1	ROLE: RT0	ACT: ACT3	
140 Minutes	[E7]	CAUGHT RESOURCE	[RES0]	RES0	ROLE: RT0	ACT: ACT3	
140 Minutes	[E7]	ACQUIRE RESOURCES	ACT: ACT3	WG: WG4 [[RT0],2]
140 Minutes	[E7]	START DELAY	ACT: ACT3	WG: WG4 [[RT0],2]
140 Minutes	[E7]	CAUGHT RESOURCE	[RES4]	RES4	ROLE: RT0	ACT: ACT2	
140 Minutes	[E7]	CAUGHT RESOURCE	[RES9]	RES9	ROLE: RT0	ACT: ACT2	
140 Minutes	[E7]	ACQUIRE RESOURCES	ACT: ACT2	WG: WG3 [[RT0],2]
140 Minutes	[E7]	START DELAY	ACT: ACT2	WG: WG3 [[RT0],2]
140 Minutes	[E8]	CAUGHT RESOURCE	[RES7]	RES7	ROLE: RT0	ACT: ACT2	
140 Minutes	[E8]	CAUGHT RESOURCE	[RES8]	RES8	ROLE: RT0	ACT: ACT2	
140 Minutes	[E8]	ACQUIRE RESOURCES	ACT: ACT2	WG: WG3 [[RT0],2]
140 Minutes	[E8]	START DELAY	ACT: ACT2	WG: WG3 [[RT0],2]
140 Minutes	[E0]	CAUGHT RESOURCE	[RES2]	RES2	ROLE: RT0	ACT: ACT3	
140 Minutes	[E0]	CAUGHT RESOURCE	[RES6]	RES6	ROLE: RT0	ACT: ACT3	
140 Minutes	[E0]	ACQUIRE RESOURCES	ACT: ACT3	WG: WG4 [[RT0],2]
140 Minutes	[E0]	START DELAY	ACT: ACT3	WG: WG4 [[RT0],2]
150 Minutes	[E8]	END DELAY	ACT: ACT3	WG: WG4 [[RT0],2]
150 Minutes	[E7]	END DELAY	ACT: ACT2	WG: WG3 [[RT0],2]
150 Minutes	[E8]	END DELAY	ACT: ACT2	WG: WG3 [[RT0],2]
150 Minutes	[E0]	END DELAY	ACT: ACT3	WG: WG4 [[RT0],2]
150 Minutes	[E8]	RELEASED RESOURCE	[RES3]	RES3	ROLE: RT0	ACT: ACT3	
150 Minutes	[E8]	RELEASED RESOURCE	[RES5]	RES5	ROLE: RT0	ACT: ACT3	
150 Minutes	[E8]	RELEASE RESOURCES	ACT: ACT3
150 Minutes	[E7]	RELEASED RESOURCE	[RES9]	RES9	ROLE: RT0	ACT: ACT2	
150 Minutes	[E7]	RELEASED RESOURCE	[RES4]	RES4	ROLE: RT0	ACT: ACT2	
150 Minutes	[E7]	RELEASE RESOURCES	ACT: ACT2
150 Minutes	[E8]	RELEASED RESOURCE	[RES8]	RES8	ROLE: RT0	ACT: ACT2	
150 Minutes	[E8]	RELEASED RESOURCE	[RES7]	RES7	ROLE: RT0	ACT: ACT2	
150 Minutes	[E8]	RELEASE RESOURCES	ACT: ACT2
150 Minutes	[E8]	ELEMENT FINISH	ET: ET0
150 Minutes	[E0]	RELEASED RESOURCE	[RES6]	RES6	ROLE: RT0	ACT: ACT3	
150 Minutes	[E0]	RELEASED RESOURCE	[RES2]	RES2	ROLE: RT0	ACT: ACT3	
150 Minutes	[E0]	RELEASE RESOURCES	ACT: ACT3
150 Minutes	[E7]	END DELAY	ACT: ACT3	WG: WG4 [[RT0],2]
150 Minutes	[E7]	RELEASED RESOURCE	[RES0]	RES0	ROLE: RT0	ACT: ACT3	
150 Minutes	[E7]	RELEASED RESOURCE	[RES1]	RES1	ROLE: RT0	ACT: ACT3	
150 Minutes	[E7]	RELEASE RESOURCES	ACT: ACT3
150 Minutes	[E7]	ELEMENT FINISH	ET: ET0
150 Minutes	[E0]	CAUGHT RESOURCE	[RES5]	RES5	ROLE: RT0	ACT: ACT2	
150 Minutes	[E0]	CAUGHT RESOURCE	[RES3]	RES3	ROLE: RT0	ACT: ACT2	
150 Minutes	[E0]	ACQUIRE RESOURCES	ACT: ACT2	WG: WG3 [[RT0],2]
150 Minutes	[E0]	START DELAY	ACT: ACT2	WG: WG3 [[RT0],2]
150 Minutes	[E1]	CAUGHT RESOURCE	[RES1]	RES1	ROLE: RT0	ACT: ACT2	
150 Minutes	[E1]	CAUGHT RESOURCE	[RES0]	RES0	ROLE: RT0	ACT: ACT2	
150 Minutes	[E1]	ACQUIRE RESOURCES	ACT: ACT2	WG: WG3 [[RT0],2]
150 Minutes	[E1]	START DELAY	ACT: ACT2	WG: WG3 [[RT0],2]
150 Minutes	[E1]	CAUGHT RESOURCE	[RES4]	RES4	ROLE: RT0	ACT: ACT3	
150 Minutes	[E1]	CAUGHT RESOURCE	[RES9]	RES9	ROLE: RT0	ACT: ACT3	
150 Minutes	[E1]	ACQUIRE RESOURCES	ACT: ACT3	WG: WG4 [[RT0],2]
150 Minutes	[E1]	START DELAY	ACT: ACT3	WG: WG4 [[RT0],2]
150 Minutes	[E2]	CAUGHT RESOURCE	[RES7]	RES7	ROLE: RT0	ACT: ACT2	
150 Minutes	[E2]	CAUGHT RESOURCE	[RES8]	RES8	ROLE: RT0	ACT: ACT2	
150 Minutes	[E2]	ACQUIRE RESOURCES	ACT: ACT2	WG: WG3 [[RT0],2]
150 Minutes	[E2]	START DELAY	ACT: ACT2	WG: WG3 [[RT0],2]
150 Minutes	[E2]	CAUGHT RESOURCE	[RES2]	RES2	ROLE: RT0	ACT: ACT3	
150 Minutes	[E2]	CAUGHT RESOURCE	[RES6]	RES6	ROLE: RT0	ACT: ACT3	
150 Minutes	[E2]	ACQUIRE RESOURCES	ACT: ACT3	WG: WG4 [[RT0],2]
150 Minutes	[E2]	START DELAY	ACT: ACT3	WG: WG4 [[RT0],2]
160 Minutes	[RES6]	ROLE OFF	RES6	RT: RT0
160 Minutes	[E2]	END DELAY	ACT: ACT3	WG: WG4 [[RT0],2]
160 Minutes	[RES3]	ROLE OFF	RES3	RT: RT0
160 Minutes	[E2]	RELEASED RESOURCE	[RES6]	RES6	ROLE: RT0	ACT: ACT3	
160 Minutes	[E2]	RELEASED RESOURCE	[RES2]	RES2	ROLE: RT0	ACT: ACT3	
160 Minutes	[E2]	RELEASE RESOURCES	ACT: ACT3
160 Minutes	[RES0]	ROLE OFF	RES0	RT: RT0
160 Minutes	[RES9]	ROLE OFF	RES9	RT: RT0
160 Minutes	[E1]	END DELAY	ACT: ACT3	WG: WG4 [[RT0],2]
160 Minutes	[E2]	END DELAY	ACT: ACT2	WG: WG3 [[RT0],2]
160 Minutes	[RES5]	ROLE OFF	RES5	RT: RT0
160 Minutes	[E1]	RELEASED RESOURCE	[RES9]	RES9	ROLE: RT0	ACT: ACT3	
160 Minutes	[E1]	RELEASED RESOURCE	[RES4]	RES4	ROLE: RT0	ACT: ACT3	
160 Minutes	[E1]	RELEASE RESOURCES	ACT: ACT3
160 Minutes	[E2]	RELEASED RESOURCE	[RES8]	RES8	ROLE: RT0	ACT: ACT2	
160 Minutes	[E2]	RELEASED RESOURCE	[RES7]	RES7	ROLE: RT0	ACT: ACT2	
160 Minutes	[E2]	RELEASE RESOURCES	ACT: ACT2
160 Minutes	[E2]	ELEMENT FINISH	ET: ET0
160 Minutes	[RES1]	ROLE OFF	RES1	RT: RT0
160 Minutes	[RES8]	ROLE OFF	RES8	RT: RT0
160 Minutes	[E1]	END DELAY	ACT: ACT2	WG: WG3 [[RT0],2]
160 Minutes	[RES4]	ROLE OFF	RES4	RT: RT0
160 Minutes	[E1]	RELEASED RESOURCE	[RES0]	RES0	ROLE: RT0	ACT: ACT2	
160 Minutes	[E1]	RELEASED RESOURCE	[RES1]	RES1	ROLE: RT0	ACT: ACT2	
160 Minutes	[E1]	RELEASE RESOURCES	ACT: ACT2
160 Minutes	[E1]	ELEMENT FINISH	ET: ET0
160 Minutes	[RES2]	ROLE OFF	RES2	RT: RT0
160 Minutes	[RES7]	ROLE OFF	RES7	RT: RT0
160 Minutes	[E0]	END DELAY	ACT: ACT2	WG: WG3 [[RT0],2]
160 Minutes	[E0]	RELEASED RESOURCE	[RES3]	RES3	ROLE: RT0	ACT: ACT2	
160 Minutes	[E0]	RELEASED RESOURCE	[RES5]	RES5	ROLE: RT0	ACT: ACT2	
160 Minutes	[E0]	RELEASE RESOURCES	ACT: ACT2
160 Minutes	[E0]	ELEMENT FINISH	ET: ET0
220 Minutes	[RES4]	ROLE ON	RES4	RT: RT0
220 Minutes	[RES1]	ROLE ON	RES1	RT: RT0
220 Minutes	[RES3]	ROLE ON	RES3	RT: RT0
220 Minutes	[RES6]	ROLE ON	RES6	RT: RT0
220 Minutes	[RES9]	ROLE ON	RES9	RT: RT0
220 Minutes	[RES0]	ROLE ON	RES0	RT: RT0
220 Minutes	[RES5]	ROLE ON	RES5	RT: RT0
220 Minutes	[RES2]	ROLE ON	RES2	RT: RT0
220 Minutes	[RES8]	ROLE ON	RES8	RT: RT0
220 Minutes	[RES7]	ROLE ON	RES7	RT: RT0
220 Minutes	[E19]	CAUGHT RESOURCE	[RES1]	RES1	ROLE: RT0	ACT: ACT1	
220 Minutes	[E19]	CAUGHT RESOURCE	[RES4]	RES4	ROLE: RT0	ACT: ACT1	
220 Minutes	[E19]	ACQUIRE RESOURCES	ACT: ACT1	WG: WG2 [[RT0],2]
220 Minutes	[E19]	START DELAY	ACT: ACT1	WG: WG2 [[RT0],2]
220 Minutes	[E19]	CAUGHT RESOURCE	[RES6]	RES6	ROLE: RT0	ACT: ACT0	
220 Minutes	[E19]	CAUGHT RESOURCE	[RES3]	RES3	ROLE: RT0	ACT: ACT0	
220 Minutes	[E19]	ACQUIRE RESOURCES	ACT: ACT0	WG: WG1 [[RT0],2]
220 Minutes	[E19]	START DELAY	ACT: ACT0	WG: WG1 [[RT0],2]
220 Minutes	[E17]	CAUGHT RESOURCE	[RES0]	RES0	ROLE: RT0	ACT: ACT0	
220 Minutes	[E17]	CAUGHT RESOURCE	[RES9]	RES9	ROLE: RT0	ACT: ACT0	
220 Minutes	[E17]	ACQUIRE RESOURCES	ACT: ACT0	WG: WG1 [[RT0],2]
220 Minutes	[E17]	START DELAY	ACT: ACT0	WG: WG1 [[RT0],2]
220 Minutes	[E17]	CAUGHT RESOURCE	[RES2]	RES2	ROLE: RT0	ACT: ACT1	
220 Minutes	[E17]	CAUGHT RESOURCE	[RES5]	RES5	ROLE: RT0	ACT: ACT1	
220 Minutes	[E17]	ACQUIRE RESOURCES	ACT: ACT1	WG: WG2 [[RT0],2]
220 Minutes	[E17]	START DELAY	ACT: ACT1	WG: WG2 [[RT0],2]
220 Minutes	[E18]	CAUGHT RESOURCE	[RES7]	RES7	ROLE: RT0	ACT: ACT1	
220 Minutes	[E18]	CAUGHT RESOURCE	[RES8]	RES8	ROLE: RT0	ACT: ACT1	
220 Minutes	[E18]	ACQUIRE RESOURCES	ACT: ACT1	WG: WG2 [[RT0],2]
220 Minutes	[E18]	START DELAY	ACT: ACT1	WG: WG2 [[RT0],2]
230 Minutes	[E19]	END DELAY	ACT: ACT1	WG: WG2 [[RT0],2]
230 Minutes	[E17]	END DELAY	ACT: ACT0	WG: WG1 [[RT0],2]
230 Minutes	[E17]	END DELAY	ACT: ACT1	WG: WG2 [[RT0],2]
230 Minutes	[E18]	END DELAY	ACT: ACT1	WG: WG2 [[RT0],2]
230 Minutes	[E19]	RELEASED RESOURCE	[RES4]	RES4	ROLE: RT0	ACT: ACT1	
230 Minutes	[E19]	RELEASED RESOURCE	[RES1]	RES1	ROLE: RT0	ACT: ACT1	
230 Minutes	[E19]	RELEASE RESOURCES	ACT: ACT1
230 Minutes	[E17]	RELEASED RESOURCE	[RES9]	RES9	ROLE: RT0	ACT: ACT0	
230 Minutes	[E17]	RELEASED RESOURCE	[RES0]	RES0	ROLE: RT0	ACT: ACT0	
230 Minutes	[E17]	RELEASE RESOURCES	ACT: ACT0
230 Minutes	[E17]	RELEASED RESOURCE	[RES5]	RES5	ROLE: RT0	ACT: ACT1	
230 Minutes	[E17]	RELEASED RESOURCE	[RES2]	RES2	ROLE: RT0	ACT: ACT1	
230 Minutes	[E17]	RELEASE RESOURCES	ACT: ACT1
230 Minutes	[E18]	RELEASED RESOURCE	[RES8]	RES8	ROLE: RT0	ACT: ACT1	
230 Minutes	[E18]	RELEASED RESOURCE	[RES7]	RES7	ROLE: RT0	ACT: ACT1	
230 Minutes	[E18]	RELEASE RESOURCES	ACT: ACT1
230 Minutes	[E19]	END DELAY	ACT: ACT0	WG: WG1 [[RT0],2]
230 Minutes	[E19]	RELEASED RESOURCE	[RES3]	RES3	ROLE: RT0	ACT: ACT0	
230 Minutes	[E19]	RELEASED RESOURCE	[RES6]	RES6	ROLE: RT0	ACT: ACT0	
230 Minutes	[E19]	RELEASE RESOURCES	ACT: ACT0
230 Minutes	[E18]	CAUGHT RESOURCE	[RES1]	RES1	ROLE: RT0	ACT: ACT0	
230 Minutes	[E18]	CAUGHT RESOURCE	[RES4]	RES4	ROLE: RT0	ACT: ACT0	
230 Minutes	[E18]	ACQUIRE RESOURCES	ACT: ACT0	WG: WG1 [[RT0],2]
230 Minutes	[E18]	START DELAY	ACT: ACT0	WG: WG1 [[RT0],2]
230 Minutes	[E15]	CAUGHT RESOURCE	[RES6]	RES6	ROLE: RT0	ACT: ACT1	
230 Minutes	[E15]	CAUGHT RESOURCE	[RES3]	RES3	ROLE: RT0	ACT: ACT1	
230 Minutes	[E15]	ACQUIRE RESOURCES	ACT: ACT1	WG: WG2 [[RT0],2]
230 Minutes	[E15]	START DELAY	ACT: ACT1	WG: WG2 [[RT0],2]
230 Minutes	[E15]	CAUGHT RESOURCE	[RES0]	RES0	ROLE: RT0	ACT: ACT0	
230 Minutes	[E15]	CAUGHT RESOURCE	[RES9]	RES9	ROLE: RT0	ACT: ACT0	
230 Minutes	[E15]	ACQUIRE RESOURCES	ACT: ACT0	WG: WG1 [[RT0],2]
230 Minutes	[E15]	START DELAY	ACT: ACT0	WG: WG1 [[RT0],2]
230 Minutes	[E16]	CAUGHT RESOURCE	[RES2]	RES2	ROLE: RT0	ACT: ACT1	
230 Minutes	[E16]	CAUGHT RESOURCE	[RES5]	RES5	ROLE: RT0	ACT: ACT1	
230 Minutes	[E16]	ACQUIRE RESOURCES	ACT: ACT1	WG: WG2 [[RT0],2]
230 Minutes	[E16]	START DELAY	ACT: ACT1	WG: WG2 [[RT0],2]
230 Minutes	[E16]	CAUGHT RESOURCE	[RES7]	RES7	ROLE: RT0	ACT: ACT0	
230 Minutes	[E16]	CAUGHT RESOURCE	[RES8]	RES8	ROLE: RT0	ACT: ACT0	
230 Minutes	[E16]	ACQUIRE RESOURCES	ACT: ACT0	WG: WG1 [[RT0],2]
230 Minutes	[E16]	START DELAY	ACT: ACT0	WG: WG1 [[RT0],2]
240 Minutes	[E18]	END DELAY	ACT: ACT0	WG: WG1 [[RT0],2]
240 Minutes	[E15]	END DELAY	ACT: ACT0	WG: WG1 [[RT0],2]
240 Minutes	[E16]	END DELAY	ACT: ACT1	WG: WG2 [[RT0],2]
240 Minutes	[E16]	END DELAY	ACT: ACT0	WG: WG1 [[RT0],2]
240 Minutes	[E18]	RELEASED RESOURCE	[RES4]	RES4	ROLE: RT0	ACT: ACT0	
240 Minutes	[E18]	RELEASED RESOURCE	[RES1]	RES1	ROLE: RT0	ACT: ACT0	
240 Minutes	[E18]	RELEASE RESOURCES	ACT: ACT0
240 Minutes	[E15]	RELEASED RESOURCE	[RES9]	RES9	ROLE: RT0	ACT: ACT0	
240 Minutes	[E15]	RELEASED RESOURCE	[RES0]	RES0	ROLE: RT0	ACT: ACT0	
240 Minutes	[E15]	RELEASE RESOURCES	ACT: ACT0
240 Minutes	[E16]	RELEASED RESOURCE	[RES5]	RES5	ROLE: RT0	ACT: ACT1	
240 Minutes	[E16]	RELEASED RESOURCE	[RES2]	RES2	ROLE: RT0	ACT: ACT1	
240 Minutes	[E16]	RELEASE RESOURCES	ACT: ACT1
240 Minutes	[E16]	RELEASED RESOURCE	[RES8]	RES8	ROLE: RT0	ACT: ACT0	
240 Minutes	[E16]	RELEASED RESOURCE	[RES7]	RES7	ROLE: RT0	ACT: ACT0	
240 Minutes	[E16]	RELEASE RESOURCES	ACT: ACT0
240 Minutes	[E15]	END DELAY	ACT: ACT1	WG: WG2 [[RT0],2]
240 Minutes	[E15]	RELEASED RESOURCE	[RES3]	RES3	ROLE: RT0	ACT: ACT1	
240 Minutes	[E15]	RELEASED RESOURCE	[RES6]	RES6	ROLE: RT0	ACT: ACT1	
240 Minutes	[E15]	RELEASE RESOURCES	ACT: ACT1
240 Minutes	[E13]	CAUGHT RESOURCE	[RES1]	RES1	ROLE: RT0	ACT: ACT1	
240 Minutes	[E13]	CAUGHT RESOURCE	[RES4]	RES4	ROLE: RT0	ACT: ACT1	
240 Minutes	[E13]	ACQUIRE RESOURCES	ACT: ACT1	WG: WG2 [[RT0],2]
240 Minutes	[E13]	START DELAY	ACT: ACT1	WG: WG2 [[RT0],2]
240 Minutes	[E13]	CAUGHT RESOURCE	[RES6]	RES6	ROLE: RT0	ACT: ACT0	
240 Minutes	[E13]	CAUGHT RESOURCE	[RES3]	RES3	ROLE: RT0	ACT: ACT0	
240 Minutes	[E13]	ACQUIRE RESOURCES	ACT: ACT0	WG: WG1 [[RT0],2]
240 Minutes	[E13]	START DELAY	ACT: ACT0	WG: WG1 [[RT0],2]
240 Minutes	[E14]	CAUGHT RESOURCE	[RES0]	RES0	ROLE: RT0	ACT: ACT1	
240 Minutes	[E14]	CAUGHT RESOURCE	[RES9]	RES9	ROLE: RT0	ACT: ACT1	
240 Minutes	[E14]	ACQUIRE RESOURCES	ACT: ACT1	WG: WG2 [[RT0],2]
240 Minutes	[E14]	START DELAY	ACT: ACT1	WG: WG2 [[RT0],2]
240 Minutes	[E14]	CAUGHT RESOURCE	[RES2]	RES2	ROLE: RT0	ACT: ACT0	
240 Minutes	[E14]	CAUGHT RESOURCE	[RES5]	RES5	ROLE: RT0	ACT: ACT0	
240 Minutes	[E14]	ACQUIRE RESOURCES	ACT: ACT0	WG: WG1 [[RT0],2]
240 Minutes	[E14]	START DELAY	ACT: ACT0	WG: WG1 [[RT0],2]
240 Minutes	[E11]	CAUGHT RESOURCE	[RES7]	RES7	ROLE: RT0	ACT: ACT1	
240 Minutes	[E11]	CAUGHT RESOURCE	[RES8]	RES8	ROLE: RT0	ACT: ACT1	
240 Minutes	[E11]	ACQUIRE RESOURCES	ACT: ACT1	WG: WG2 [[RT0],2]
240 Minutes	[E11]	START DELAY	ACT: ACT1	WG: WG2 [[RT0],2]
250 Minutes	[E13]	END DELAY	ACT: ACT1	WG: WG2 [[RT0],2]
250 Minutes	[E14]	END DELAY	ACT: ACT1	WG: WG2 [[RT0],2]
250 Minutes	[E14]	END DELAY	ACT: ACT0	WG: WG1 [[RT0],2]
250 Minutes	[E11]	END DELAY	ACT: ACT1	WG: WG2 [[RT0],2]
250 Minutes	[E13]	RELEASED RESOURCE	[RES4]	RES4	ROLE: RT0	ACT: ACT1	
250 Minutes	[E13]	RELEASED RESOURCE	[RES1]	RES1	ROLE: RT0	ACT: ACT1	
250 Minutes	[E13]	RELEASE RESOURCES	ACT: ACT1
250 Minutes	[E14]	RELEASED RESOURCE	[RES9]	RES9	ROLE: RT0	ACT: ACT1	
250 Minutes	[E14]	RELEASED RESOURCE	[RES0]	RES0	ROLE: RT0	ACT: ACT1	
250 Minutes	[E14]	RELEASE RESOURCES	ACT: ACT1
250 Minutes	[E14]	RELEASED RESOURCE	[RES5]	RES5	ROLE: RT0	ACT: ACT0	
250 Minutes	[E14]	RELEASED RESOURCE	[RES2]	RES2	ROLE: RT0	ACT: ACT0	
250 Minutes	[E14]	RELEASE RESOURCES	ACT: ACT0
250 Minutes	[E11]	RELEASED RESOURCE	[RES8]	RES8	ROLE: RT0	ACT: ACT1	
250 Minutes	[E11]	RELEASED RESOURCE	[RES7]	RES7	ROLE: RT0	ACT: ACT1	
250 Minutes	[E11]	RELEASE RESOURCES	ACT: ACT1
250 Minutes	[E13]	END DELAY	ACT: ACT0	WG: WG1 [[RT0],2]
250 Minutes	[E13]	RELEASED RESOURCE	[RES3]	RES3	ROLE: RT0	ACT: ACT0	
250 Minutes	[E13]	RELEASED RESOURCE	[RES6]	RES6	ROLE: RT0	ACT: ACT0	
250 Minutes	[E13]	RELEASE RESOURCES	ACT: ACT0
250 Minutes	[E11]	CAUGHT RESOURCE	[RES1]	RES1	ROLE: RT0	ACT: ACT0	
250 Minutes	[E11]	CAUGHT RESOURCE	[RES4]	RES4	ROLE: RT0	ACT: ACT0	
250 Minutes	[E11]	ACQUIRE RESOURCES	ACT: ACT0	WG: WG1 [[RT0],2]
250 Minutes	[E11]	START DELAY	ACT: ACT0	WG: WG1 [[RT0],2]
250 Minutes	[E12]	CAUGHT RESOURCE	[RES6]	RES6	ROLE: RT0	ACT: ACT1	
250 Minutes	[E12]	CAUGHT RESOURCE	[RES3]	RES3	ROLE: RT0	ACT: ACT1	
250 Minutes	[E12]	ACQUIRE RESOURCES	ACT: ACT1	WG: WG2 [[RT0],2]
250 Minutes	[E12]	START DELAY	ACT: ACT1	WG: WG2 [[RT0],2]
250 Minutes	[E12]	CAUGHT RESOURCE	[RES0]	RES0	ROLE: RT0	ACT: ACT0	
250 Minutes	[E12]	CAUGHT RESOURCE	[RES9]	RES9	ROLE: RT0	ACT: ACT0	
250 Minutes	[E12]	ACQUIRE RESOURCES	ACT: ACT0	WG: WG1 [[RT0],2]
250 Minutes	[E12]	START DELAY	ACT: ACT0	WG: WG1 [[RT0],2]
250 Minutes	[E10]	CAUGHT RESOURCE	[RES2]	RES2	ROLE: RT0	ACT: ACT1	
250 Minutes	[E10]	CAUGHT RESOURCE	[RES5]	RES5	ROLE: RT0	ACT: ACT1	
250 Minutes	[E10]	ACQUIRE RESOURCES	ACT: ACT1	WG: WG2 [[RT0],2]
250 Minutes	[E10]	START DELAY	ACT: ACT1	WG: WG2 [[RT0],2]
250 Minutes	[E10]	CAUGHT RESOURCE	[RES7]	RES7	ROLE: RT0	ACT: ACT0	
250 Minutes	[E10]	CAUGHT RESOURCE	[RES8]	RES8	ROLE: RT0	ACT: ACT0	
250 Minutes	[E10]	ACQUIRE RESOURCES	ACT: ACT0	WG: WG1 [[RT0],2]
250 Minutes	[E10]	START DELAY	ACT: ACT0	WG: WG1 [[RT0],2]
260 Minutes	[RES8]	ROLE OFF	RES8	RT: RT0
260 Minutes	[E10]	END DELAY	ACT: ACT0	WG: WG1 [[RT0],2]
260 Minutes	[RES4]	ROLE OFF	RES4	RT: RT0
260 Minutes	[E10]	RELEASED RESOURCE	[RES8]	RES8	ROLE: RT0	ACT: ACT0	
260 Minutes	[E10]	RELEASED RESOURCE	[RES7]	RES7	ROLE: RT0	ACT: ACT0	
260 Minutes	[E10]	RELEASE RESOURCES	ACT: ACT0
260 Minutes	[RES3]	ROLE OFF	RES3	RT: RT0
260 Minutes	[RES9]	ROLE OFF	RES9	RT: RT0
260 Minutes	[E12]	END DELAY	ACT: ACT0	WG: WG1 [[RT0],2]
260 Minutes	[E10]	END DELAY	ACT: ACT1	WG: WG2 [[RT0],2]
260 Minutes	[RES1]	ROLE OFF	RES1	RT: RT0
260 Minutes	[E12]	RELEASED RESOURCE	[RES9]	RES9	ROLE: RT0	ACT: ACT0	
260 Minutes	[E12]	RELEASED RESOURCE	[RES0]	RES0	ROLE: RT0	ACT: ACT0	
260 Minutes	[E12]	RELEASE RESOURCES	ACT: ACT0
260 Minutes	[E10]	RELEASED RESOURCE	[RES5]	RES5	ROLE: RT0	ACT: ACT1	
260 Minutes	[E10]	RELEASED RESOURCE	[RES2]	RES2	ROLE: RT0	ACT: ACT1	
260 Minutes	[E10]	RELEASE RESOURCES	ACT: ACT1
260 Minutes	[RES6]	ROLE OFF	RES6	RT: RT0
260 Minutes	[E12]	END DELAY	ACT: ACT1	WG: WG2 [[RT0],2]
260 Minutes	[RES5]	ROLE OFF	RES5	RT: RT0
260 Minutes	[E12]	RELEASED RESOURCE	[RES3]	RES3	ROLE: RT0	ACT: ACT1	
260 Minutes	[E12]	RELEASED RESOURCE	[RES6]	RES6	ROLE: RT0	ACT: ACT1	
260 Minutes	[E12]	RELEASE RESOURCES	ACT: ACT1
260 Minutes	[RES0]	ROLE OFF	RES0	RT: RT0
260 Minutes	[E11]	END DELAY	ACT: ACT0	WG: WG1 [[RT0],2]
260 Minutes	[RES7]	ROLE OFF	RES7	RT: RT0
260 Minutes	[RES2]	ROLE OFF	RES2	RT: RT0
260 Minutes	[E11]	RELEASED RESOURCE	[RES4]	RES4	ROLE: RT0	ACT: ACT0	
260 Minutes	[E11]	RELEASED RESOURCE	[RES1]	RES1	ROLE: RT0	ACT: ACT0	
260 Minutes	[E11]	RELEASE RESOURCES	ACT: ACT0
320 Minutes	[RES2]	ROLE ON	RES2	RT: RT0
320 Minutes	[RES6]	ROLE ON	RES6	RT: RT0
320 Minutes	[RES8]	ROLE ON	RES8	RT: RT0
320 Minutes	[RES9]	ROLE ON	RES9	RT: RT0
320 Minutes	[RES4]	ROLE ON	RES4	RT: RT0
320 Minutes	[RES3]	ROLE ON	RES3	RT: RT0
320 Minutes	[RES1]	ROLE ON	RES1	RT: RT0
320 Minutes	[RES7]	ROLE ON	RES7	RT: RT0
320 Minutes	[RES5]	ROLE ON	RES5	RT: RT0
320 Minutes	[RES0]	ROLE ON	RES0	RT: RT0
320 Minutes	[E19]	CAUGHT RESOURCE	[RES6]	RES6	ROLE: RT0	ACT: ACT3	
320 Minutes	[E19]	CAUGHT RESOURCE	[RES2]	RES2	ROLE: RT0	ACT: ACT3	
320 Minutes	[E19]	ACQUIRE RESOURCES	ACT: ACT3	WG: WG4 [[RT0],2]
320 Minutes	[E19]	START DELAY	ACT: ACT3	WG: WG4 [[RT0],2]
320 Minutes	[E19]	CAUGHT RESOURCE	[RES9]	RES9	ROLE: RT0	ACT: ACT2	
320 Minutes	[E19]	CAUGHT RESOURCE	[RES8]	RES8	ROLE: RT0	ACT: ACT2	
320 Minutes	[E19]	ACQUIRE RESOURCES	ACT: ACT2	WG: WG3 [[RT0],2]
320 Minutes	[E19]	START DELAY	ACT: ACT2	WG: WG3 [[RT0],2]
320 Minutes	[E17]	CAUGHT RESOURCE	[RES3]	RES3	ROLE: RT0	ACT: ACT2	
320 Minutes	[E17]	CAUGHT RESOURCE	[RES4]	RES4	ROLE: RT0	ACT: ACT2	
320 Minutes	[E17]	ACQUIRE RESOURCES	ACT: ACT2	WG: WG3 [[RT0],2]
320 Minutes	[E17]	START DELAY	ACT: ACT2	WG: WG3 [[RT0],2]
320 Minutes	[E18]	CAUGHT RESOURCE	[RES7]	RES7	ROLE: RT0	ACT: ACT2	
320 Minutes	[E18]	CAUGHT RESOURCE	[RES1]	RES1	ROLE: RT0	ACT: ACT2	
320 Minutes	[E18]	ACQUIRE RESOURCES	ACT: ACT2	WG: WG3 [[RT0],2]
320 Minutes	[E18]	START DELAY	ACT: ACT2	WG: WG3 [[RT0],2]
320 Minutes	[E18]	CAUGHT RESOURCE	[RES0]	RES0	ROLE: RT0	ACT: ACT3	
320 Minutes	[E18]	CAUGHT RESOURCE	[RES5]	RES5	ROLE: RT0	ACT: ACT3	
320 Minutes	[E18]	ACQUIRE RESOURCES	ACT: ACT3	WG: WG4 [[RT0],2]
320 Minutes	[E18]	START DELAY	ACT: ACT3	WG: WG4 [[RT0],2]
330 Minutes	[E19]	END DELAY	ACT: ACT3	WG: WG4 [[RT0],2]
330 Minutes	[E17]	END DELAY	ACT: ACT2	WG: WG3 [[RT0],2]
330 Minutes	[E18]	END DELAY	ACT: ACT2	WG: WG3 [[RT0],2]
330 Minutes	[E18]	END DELAY	ACT: ACT3	WG: WG4 [[RT0],2]
330 Minutes	[E19]	RELEASED RESOURCE	[RES2]	RES2	ROLE: RT0	ACT: ACT3	
330 Minutes	[E19]	RELEASED RESOURCE	[RES6]	RES6	ROLE: RT0	ACT: ACT3	
330 Minutes	[E19]	RELEASE RESOURCES	ACT: ACT3
330 Minutes	[E17]	RELEASED RESOURCE	[RES4]	RES4	ROLE: RT0	ACT: ACT2	
330 Minutes	[E17]	RELEASED RESOURCE	[RES3]	RES3	ROLE: RT0	ACT: ACT2	
330 Minutes	[E17]	RELEASE RESOURCES	ACT: ACT2
330 Minutes	[E18]	RELEASED RESOURCE	[RES1]	RES1	ROLE: RT0	ACT: ACT2	
330 Minutes	[E18]	RELEASED RESOURCE	[RES7]	RES7	ROLE: RT0	ACT: ACT2	
330 Minutes	[E18]	RELEASE RESOURCES	ACT: ACT2
330 Minutes	[E18]	RELEASED RESOURCE	[RES5]	RES5	ROLE: RT0	ACT: ACT3	
330 Minutes	[E18]	RELEASED RESOURCE	[RES0]	RES0	ROLE: RT0	ACT: ACT3	
330 Minutes	[E18]	RELEASE RESOURCES	ACT: ACT3
330 Minutes	[E18]	ELEMENT FINISH	ET: ET1
330 Minutes	[E19]	END DELAY	ACT: ACT2	WG: WG3 [[RT0],2]
330 Minutes	[E19]	RELEASED RESOURCE	[RES8]	RES8	ROLE: RT0	ACT: ACT2	
330 Minutes	[E19]	RELEASED RESOURCE	[RES9]	RES9	ROLE: RT0	ACT: ACT2	
330 Minutes	[E19]	RELEASE RESOURCES	ACT: ACT2
330 Minutes	[E19]	ELEMENT FINISH	ET: ET1
330 Minutes	[E17]	CAUGHT RESOURCE	[RES6]	RES6	ROLE: RT0	ACT: ACT3	
330 Minutes	[E17]	CAUGHT RESOURCE	[RES2]	RES2	ROLE: RT0	ACT: ACT3	
330 Minutes	[E17]	ACQUIRE RESOURCES	ACT: ACT3	WG: WG4 [[RT0],2]
330 Minutes	[E17]	START DELAY	ACT: ACT3	WG: WG4 [[RT0],2]
330 Minutes	[E16]	CAUGHT RESOURCE	[RES9]	RES9	ROLE: RT0	ACT: ACT3	
330 Minutes	[E16]	CAUGHT RESOURCE	[RES8]	RES8	ROLE: RT0	ACT: ACT3	
330 Minutes	[E16]	ACQUIRE RESOURCES	ACT: ACT3	WG: WG4 [[RT0],2]
330 Minutes	[E16]	START DELAY	ACT: ACT3	WG: WG4 [[RT0],2]
330 Minutes	[E16]	CAUGHT RESOURCE	[RES3]	RES3	ROLE: RT0	ACT: ACT2	
330 Minutes	[E16]	CAUGHT RESOURCE	[RES4]	RES4	ROLE: RT0	ACT: ACT2	
330 Minutes	[E16]	ACQUIRE RESOURCES	ACT: ACT2	WG: WG3 [[RT0],2]
330 Minutes	[E16]	START DELAY	ACT: ACT2	WG: WG3 [[RT0],2]
330 Minutes	[E15]	CAUGHT RESOURCE	[RES7]	RES7	ROLE: RT0	ACT: ACT2	
330 Minutes	[E15]	CAUGHT RESOURCE	[RES1]	RES1	ROLE: RT0	ACT: ACT2	
330 Minutes	[E15]	ACQUIRE RESOURCES	ACT: ACT2	WG: WG3 [[RT0],2]
330 Minutes	[E15]	START DELAY	ACT: ACT2	WG: WG3 [[RT0],2]
330 Minutes	[E15]	CAUGHT RESOURCE	[RES0]	RES0	ROLE: RT0	ACT: ACT3	
330 Minutes	[E15]	CAUGHT RESOURCE	[RES5]	RES5	ROLE: RT0	ACT: ACT3	
330 Minutes	[E15]	ACQUIRE RESOURCES	ACT: ACT3	WG: WG4 [[RT0],2]
330 Minutes	[E15]	START DELAY	ACT: ACT3	WG: WG4 [[RT0],2]
340 Minutes	[E17]	END DELAY	ACT: ACT3	WG: WG4 [[RT0],2]
340 Minutes	[E16]	END DELAY	ACT: ACT2	WG: WG3 [[RT0],2]
340 Minutes	[E15]	END DELAY	ACT: ACT2	WG: WG3 [[RT0],2]
340 Minutes	[E15]	END DELAY	ACT: ACT3	WG: WG4 [[RT0],2]
340 Minutes	[E17]	RELEASED RESOURCE	[RES2]	RES2	ROLE: RT0	ACT: ACT3	
340 Minutes	[E17]	RELEASED RESOURCE	[RES6]	RES6	ROLE: RT0	ACT: ACT3	
340 Minutes	[E17]	RELEASE RESOURCES	ACT: ACT3
340 Minutes	[E17]	ELEMENT FINISH	ET: ET1
340 Minutes	[E16]	RELEASED RESOURCE	[RES4]	RES4	ROLE: RT0	ACT: ACT2	
340 Minutes	[E16]	RELEASED RESOURCE	[RES3]	RES3	ROLE: RT0	ACT: ACT2	
340 Minutes	[E16]	RELEASE RESOURCES	ACT: ACT2
340 Minutes	[E15]	RELEASED RESOURCE	[RES1]	RES1	ROLE: RT0	ACT: ACT2	
340 Minutes	[E15]	RELEASED RESOURCE	[RES7]	RES7	ROLE: RT0	ACT: ACT2	
340 Minutes	[E15]	RELEASE RESOURCES	ACT: ACT2
340 Minutes	[E15]	RELEASED RESOURCE	[RES5]	RES5	ROLE: RT0	ACT: ACT3	
340 Minutes	[E15]	RELEASED RESOURCE	[RES0]	RES0	ROLE: RT0	ACT: ACT3	
340 Minutes	[E15]	RELEASE RESOURCES	ACT: ACT3
340 Minutes	[E15]	ELEMENT FINISH	ET: ET1
340 Minutes	[E16]	END DELAY	ACT: ACT3	WG: WG4 [[RT0],2]
340 Minutes	[E16]	RELEASED RESOURCE	[RES8]	RES8	ROLE: RT0	ACT: ACT3	
340 Minutes	[E16]	RELEASED RESOURCE	[RES9]	RES9	ROLE: RT0	ACT: ACT3	
340 Minutes	[E16]	RELEASE RESOURCES	ACT: ACT3
340 Minutes	[E16]	ELEMENT FINISH	ET: ET1
340 Minutes	[E13]	CAUGHT RESOURCE	[RES6]	RES6	ROLE: RT0	ACT: ACT2	
340 Minutes	[E13]	CAUGHT RESOURCE	[RES2]	RES2	ROLE: RT0	ACT: ACT2	
340 Minutes	[E13]	ACQUIRE RESOURCES	ACT: ACT2	WG: WG3 [[RT0],2]
340 Minutes	[E13]	START DELAY	ACT: ACT2	WG: WG3 [[RT0],2]
340 Minutes	[E14]	CAUGHT RESOURCE	[RES9]	RES9	ROLE: RT0	ACT: ACT2	
340 Minutes	[E14]	CAUGHT RESOURCE	[RES8]	RES8	ROLE: RT0	ACT: ACT2	
340 Minutes	[E14]	ACQUIRE RESOURCES	ACT: ACT2	WG: WG3 [[RT0],2]
340 Minutes	[E14]	START DELAY	ACT: ACT2	WG: WG3 [[RT0],2]
340 Minutes	[E12]	CAUGHT RESOURCE	[RES3]	RES3	ROLE: RT0	ACT: ACT3	
340 Minutes	[E12]	CAUGHT RESOURCE	[RES4]	RES4	ROLE: RT0	ACT: ACT3	
340 Minutes	[E12]	ACQUIRE RESOURCES	ACT: ACT3	WG: WG4 [[RT0],2]
340 Minutes	[E12]	START DELAY	ACT: ACT3	WG: WG4 [[RT0],2]
340 Minutes	[E11]	CAUGHT RESOURCE	[RES7]	RES7	ROLE: RT0	ACT: ACT3	
340 Minutes	[E11]	CAUGHT RESOURCE	[RES1]	RES1	ROLE: RT0	ACT: ACT3	
340 Minutes	[E11]	ACQUIRE RESOURCES	ACT: ACT3	WG: WG4 [[RT0],2]
340 Minutes	[E11]	START DELAY	ACT: ACT3	WG: WG4 [[RT0],2]
340 Minutes	[E11]	CAUGHT RESOURCE	[RES0]	RES0	ROLE: RT0	ACT: ACT2	
340 Minutes	[E11]	CAUGHT RESOURCE	[RES5]	RES5	ROLE: RT0	ACT: ACT2	
340 Minutes	[E11]	ACQUIRE RESOURCES	ACT: ACT2	WG: WG3 [[RT0],2]
340 Minutes	[E11]	START DELAY	ACT: ACT2	WG: WG3 [[RT0],2]
350 Minutes	[E13]	END DELAY	ACT: ACT2	WG: WG3 [[RT0],2]
350 Minutes	[E12]	END DELAY	ACT: ACT3	WG: WG4 [[RT0],2]
350 Minutes	[E11]	END DELAY	ACT: ACT3	WG: WG4 [[RT0],2]
350 Minutes	[E11]	END DELAY	ACT: ACT2	WG: WG3 [[RT0],2]
350 Minutes	[E13]	RELEASED RESOURCE	[RES2]	RES2	ROLE: RT0	ACT: ACT2	
350 Minutes	[E13]	RELEASED RESOURCE	[RES6]	RES6	ROLE: RT0	ACT: ACT2	
350 Minutes	[E13]	RELEASE RESOURCES	ACT: ACT2
350 Minutes	[E12]	RELEASED RESOURCE	[RES4]	RES4	ROLE: RT0	ACT: ACT3	
350 Minutes	[E12]	RELEASED RESOURCE	[RES3]	RES3	ROLE: RT0	ACT: ACT3	
350 Minutes	[E12]	RELEASE RESOURCES	ACT: ACT3
350 Minutes	[E11]	RELEASED RESOURCE	[RES1]	RES1	ROLE: RT0	ACT: ACT3	
350 Minutes	[E11]	RELEASED RESOURCE	[RES7]	RES7	ROLE: RT0	ACT: ACT3	
350 Minutes	[E11]	RELEASE RESOURCES	ACT: ACT3
350 Minutes	[E11]	RELEASED RESOURCE	[RES5]	RES5	ROLE: RT0	ACT: ACT2	
350 Minutes	[E11]	RELEASED RESOURCE	[RES0]	RES0	ROLE: RT0	ACT: ACT2	
350 Minutes	[E11]	RELEASE RESOURCES	ACT: ACT2
350 Minutes	[E11]	ELEMENT FINISH	ET: ET1
350 Minutes	[E14]	END DELAY	ACT: ACT2	WG: WG3 [[RT0],2]
350 Minutes	[E14]	RELEASED RESOURCE	[RES8]	RES8	ROLE: RT0	ACT: ACT2	
350 Minutes	[E14]	RELEASED RESOURCE	[RES9]	RES9	ROLE: RT0	ACT: ACT2	
350 Minutes	[E14]	RELEASE RESOURCES	ACT: ACT2
350 Minutes	[E12]	CAUGHT RESOURCE	[RES6]	RES6	ROLE: RT0	ACT: ACT2	
350 Minutes	[E12]	CAUGHT RESOURCE	[RES2]	RES2	ROLE: RT0	ACT: ACT2	
350 Minutes	[E12]	ACQUIRE RESOURCES	ACT: ACT2	WG: WG3 [[RT0],2]
350 Minutes	[E12]	START DELAY	ACT: ACT2	WG: WG3 [[RT0],2]
350 Minutes	[E10]	CAUGHT RESOURCE	[RES9]	RES9	ROLE: RT0	ACT: ACT3	
350 Minutes	[E10]	CAUGHT RESOURCE	[RES8]	RES8	ROLE: RT0	ACT: ACT3	
350 Minutes	[E10]	ACQUIRE RESOURCES	ACT: ACT3	WG: WG4 [[RT0],2]
350 Minutes	[E10]	START DELAY	ACT: ACT3	WG: WG4 [[RT0],2]
350 Minutes	[E10]	CAUGHT RESOURCE	[RES3]	RES3	ROLE: RT0	ACT: ACT2	
350 Minutes	[E10]	CAUGHT RESOURCE	[RES4]	RES4	ROLE: RT0	ACT: ACT2	
350 Minutes	[E10]	ACQUIRE RESOURCES	ACT: ACT2	WG: WG3 [[RT0],2]
350 Minutes	[E10]	START DELAY	ACT: ACT2	WG: WG3 [[RT0],2]
350 Minutes	[E14]	CAUGHT RESOURCE	[RES7]	RES7	ROLE: RT0	ACT: ACT3	
350 Minutes	[E14]	CAUGHT RESOURCE	[RES1]	RES1	ROLE: RT0	ACT: ACT3	
350 Minutes	[E14]	ACQUIRE RESOURCES	ACT: ACT3	WG: WG4 [[RT0],2]
350 Minutes	[E14]	START DELAY	ACT: ACT3	WG: WG4 [[RT0],2]
350 Minutes	[E13]	CAUGHT RESOURCE	[RES0]	RES0	ROLE: RT0	ACT: ACT3	
350 Minutes	[E13]	CAUGHT RESOURCE	[RES5]	RES5	ROLE: RT0	ACT: ACT3	
350 Minutes	[E13]	ACQUIRE RESOURCES	ACT: ACT3	WG: WG4 [[RT0],2]
350 Minutes	[E13]	START DELAY	ACT: ACT3	WG: WG4 [[RT0],2]
360 Minutes	[RES7]	ROLE OFF	RES7	RT: RT0
360 Minutes	[E13]	END DELAY	ACT: ACT3	WG: WG4 [[RT0],2]
360 Minutes	[RES8]	ROLE OFF	RES8	RT: RT0
360 Minutes	[E13]	RELEASED RESOURCE	[RES5]	RES5	ROLE: RT0	ACT: ACT3	
360 Minutes	[E13]	RELEASED RESOURCE	[RES0]	RES0	ROLE: RT0	ACT: ACT3	
360 Minutes	[E13]	RELEASE RESOURCES	ACT: ACT3
360 Minutes	[E13]	ELEMENT FINISH	ET: ET1
360 Minutes	[RES4]	ROLE OFF	RES4	RT: RT0
360 Minutes	[RES2]	ROLE OFF	RES2	RT: RT0
360 Minutes	[E10]	END DELAY	ACT: ACT2	WG: WG3 [[RT0],2]
360 Minutes	[E14]	END DELAY	ACT: ACT3	WG: WG4 [[RT0],2]
360 Minutes	[RES6]	ROLE OFF	RES6	RT: RT0
360 Minutes	[E10]	RELEASED RESOURCE	[RES4]	RES4	ROLE: RT0	ACT: ACT2	
360 Minutes	[E10]	RELEASED RESOURCE	[RES3]	RES3	ROLE: RT0	ACT: ACT2	
360 Minutes	[E10]	RELEASE RESOURCES	ACT: ACT2
360 Minutes	[E14]	RELEASED RESOURCE	[RES1]	RES1	ROLE: RT0	ACT: ACT3	
360 Minutes	[E14]	RELEASED RESOURCE	[RES7]	RES7	ROLE: RT0	ACT: ACT3	
360 Minutes	[E14]	RELEASE RESOURCES	ACT: ACT3
360 Minutes	[E14]	ELEMENT FINISH	ET: ET1
360 Minutes	[RES9]	ROLE OFF	RES9	RT: RT0
360 Minutes	[RES5]	ROLE OFF	RES5	RT: RT0
360 Minutes	[E10]	END DELAY	ACT: ACT3	WG: WG4 [[RT0],2]
360 Minutes	[RES3]	ROLE OFF	RES3	RT: RT0
360 Minutes	[E10]	RELEASED RESOURCE	[RES8]	RES8	ROLE: RT0	ACT: ACT3	
360 Minutes	[E10]	RELEASED RESOURCE	[RES9]	RES9	ROLE: RT0	ACT: ACT3	
360 Minutes	[E10]	RELEASE RESOURCES	ACT: ACT3
360 Minutes	[E10]	ELEMENT FINISH	ET: ET1
360 Minutes	[RES0]	ROLE OFF	RES0	RT: RT0
360 Minutes	[RES1]	ROLE OFF	RES1	RT: RT0
360 Minutes	[E12]	END DELAY	ACT: ACT2	WG: WG3 [[RT0],2]
360 Minutes	[E12]	RELEASED RESOURCE	[RES2]	RES2	ROLE: RT0	ACT: ACT2	
360 Minutes	[E12]	RELEASED RESOURCE	[RES6]	RES6	ROLE: RT0	ACT: ACT2	
360 Minutes	[E12]	RELEASE RESOURCES	ACT: ACT2
360 Minutes	[E12]	ELEMENT FINISH	ET: ET1
400 Minutes	[SIM]	SIMULATION ENDS
CPU Time = 34 miliseconds.
]]></system-out>
  </testcase>
</testsuite>